Arguments: 
  /usr/local/Cellar/node/17.3.0/bin/node /usr/local/Cellar/yarn/1.22.17_2/libexec/bin/yarn.js add sgtrng

PATH: 
  /usr/local/sbin:/Users/fabrizioguespe/.poetry/bin:/Library/Frameworks/Python.framework/Versions/3.8/bin:/usr/local/bin:/usr/bin:/bin:/usr/sbin:/sbin:/usr/local/sbin:/Users/fabrizioguespe/.poetry/bin:/Library/Frameworks/Python.framework/Versions/3.8/bin

Yarn version: 
  1.22.17

Node version: 
  17.3.0

Platform: 
  darwin x64

Trace: 
  Error: https://registry.yarnpkg.com/sgtrng: Not found
      at Request.params.callback [as _callback] (/usr/local/Cellar/yarn/1.22.17_2/libexec/lib/cli.js:67029:18)
      at Request.self.callback (/usr/local/Cellar/yarn/1.22.17_2/libexec/lib/cli.js:140883:22)
      at Request.emit (node:events:390:28)
      at Request.<anonymous> (/usr/local/Cellar/yarn/1.22.17_2/libexec/lib/cli.js:141855:10)
      at Request.emit (node:events:390:28)
      at IncomingMessage.<anonymous> (/usr/local/Cellar/yarn/1.22.17_2/libexec/lib/cli.js:141777:12)
      at Object.onceWrapper (node:events:509:28)
      at IncomingMessage.emit (node:events:402:35)
      at endReadableNT (node:internal/streams/readable:1343:12)
      at processTicksAndRejections (node:internal/process/task_queues:83:21)

npm manifest: 
  {
    "name": "lensmap",
    "version": "1.0.0",
    "description": "",
    "main": "index.js",
    "type": "module",
    "scripts": {
      "test": "echo \"Error: no test specified\" && exit 1"
    },
    "author": "",
    "license": "ISC",
    "dependencies": {
      "@notionhq/client": "^2.2.1",
      "cheerio": "^1.0.0-rc.12",
      "csv": "^6.2.1",
      "csv-writer": "^1.6.0",
      "csvtojson": "^2.0.10",
      "fetch": "^1.1.0",
      "json-2-csv": "^3.17.2",
      "metadata-scraper": "^0.2.61",
      "node-fetch": "^3.2.10",
      "puppeteer": "^19.0.0",
      "xhr2": "^0.2.1"
    }
  }

yarn manifest: 
  No manifest

Lockfile: 
  # THIS IS AN AUTOGENERATED FILE. DO NOT EDIT THIS FILE DIRECTLY.
  # yarn lockfile v1
  
  
  "@notionhq/client@^2.2.1":
    version "2.2.1"
    resolved "https://registry.npmjs.org/@notionhq/client/-/client-2.2.1.tgz"
    integrity sha512-EExR8gCWuqvYQsNw5Z9kvZhRTy7wgioI4ypr5y0dPclvxBXZ7I7Yy509ZbCbeAFes33eLFV8Heu0svQwg8ZSZQ==
    dependencies:
      "@types/node-fetch" "^2.5.10"
      node-fetch "^2.6.1"
  
  "@sindresorhus/is@^4.0.0":
    version "4.6.0"
    resolved "https://registry.npmjs.org/@sindresorhus/is/-/is-4.6.0.tgz"
    integrity sha512-t09vSN3MdfsyCHoFcTRCH/iUtG7OJ0CsjzB8cjAmKc/va/kIgeDI/TxsigdncE/4be734m0cvIYwNaV4i2XqAw==
  
  "@szmarczak/http-timer@^4.0.5":
    version "4.0.6"
    resolved "https://registry.npmjs.org/@szmarczak/http-timer/-/http-timer-4.0.6.tgz"
    integrity sha512-4BAffykYOgO+5nzBWYwE3W90sBgLJoUPRWWcL8wlyiM8IB8ipJz3UMJ9KXQd1RKQXpKp8Tutn80HZtWsu2u76w==
    dependencies:
      defer-to-connect "^2.0.0"
  
  "@types/cacheable-request@^6.0.1":
    version "6.0.2"
    resolved "https://registry.npmjs.org/@types/cacheable-request/-/cacheable-request-6.0.2.tgz"
    integrity sha512-B3xVo+dlKM6nnKTcmm5ZtY/OL8bOAOd2Olee9M1zft65ox50OzjEHW91sDiU9j6cvW8Ejg1/Qkf4xd2kugApUA==
    dependencies:
      "@types/http-cache-semantics" "*"
      "@types/keyv" "*"
      "@types/node" "*"
      "@types/responselike" "*"
  
  "@types/http-cache-semantics@*":
    version "4.0.1"
    resolved "https://registry.npmjs.org/@types/http-cache-semantics/-/http-cache-semantics-4.0.1.tgz"
    integrity sha512-SZs7ekbP8CN0txVG2xVRH6EgKmEm31BOxA07vkFaETzZz1xh+cbt8BcI0slpymvwhx5dlFnQG2rTlPVQn+iRPQ==
  
  "@types/keyv@*":
    version "3.1.4"
    resolved "https://registry.npmjs.org/@types/keyv/-/keyv-3.1.4.tgz"
    integrity sha512-BQ5aZNSCpj7D6K2ksrRCTmKRLEpnPvWDiLPfoGyhZ++8YtiK9d/3DBKPJgry359X/P1PfruyYwvnvwFjuEiEIg==
    dependencies:
      "@types/node" "*"
  
  "@types/node-fetch@^2.5.10":
    version "2.6.2"
    resolved "https://registry.npmjs.org/@types/node-fetch/-/node-fetch-2.6.2.tgz"
    integrity sha512-DHqhlq5jeESLy19TYhLakJ07kNumXWjcDdxXsLUMJZ6ue8VZJj4kLPQVE/2mdHh3xZziNF1xppu5lwmS53HR+A==
    dependencies:
      "@types/node" "*"
      form-data "^3.0.0"
  
  "@types/node@*":
    version "18.11.0"
    resolved "https://registry.npmjs.org/@types/node/-/node-18.11.0.tgz"
    integrity sha512-IOXCvVRToe7e0ny7HpT/X9Rb2RYtElG1a+VshjwT00HxrM2dWBApHQoqsI6WiY7Q03vdf2bCrIGzVrkF/5t10w==
  
  "@types/responselike@*", "@types/responselike@^1.0.0":
    version "1.0.0"
    resolved "https://registry.npmjs.org/@types/responselike/-/responselike-1.0.0.tgz"
    integrity sha512-85Y2BjiufFzaMIlvJDvTTB8Fxl2xfLo4HgmHzVBz08w4wDePCTjYw66PdrolO0kzli3yam/YCgRufyo1DdQVTA==
    dependencies:
      "@types/node" "*"
  
  "@types/yauzl@^2.9.1":
    version "2.10.0"
    resolved "https://registry.npmjs.org/@types/yauzl/-/yauzl-2.10.0.tgz"
    integrity sha512-Cn6WYCm0tXv8p6k+A8PvbDG763EDpBoTzHdA+Q/MF6H3sapGjCm9NzoaJncJS9tUKSuCoDs9XHxYYsQDgxR6kw==
    dependencies:
      "@types/node" "*"
  
  agent-base@6:
    version "6.0.2"
    resolved "https://registry.npmjs.org/agent-base/-/agent-base-6.0.2.tgz"
    integrity sha512-RZNwNclF7+MS/8bDg70amg32dyeZGZxiDuQmZxKLAlQjr3jGyLx+4Kkk58UO7D2QdgFIQCovuSuZESne6RG6XQ==
    dependencies:
      debug "4"
  
  asynckit@^0.4.0:
    version "0.4.0"
    resolved "https://registry.npmjs.org/asynckit/-/asynckit-0.4.0.tgz"
    integrity sha512-Oei9OH4tRh0YqU3GxhX79dM/mwVgvbZJaSNaRk+bshkj0S5cfHcgYakreBjrHwatXKbz+IoIdYLxrKim2MjW0Q==
  
  balanced-match@^1.0.0:
    version "1.0.2"
    resolved "https://registry.npmjs.org/balanced-match/-/balanced-match-1.0.2.tgz"
    integrity sha512-3oSeUO0TMV67hN1AmbXsK4yaqU7tjiHlbxRDZOpH0KW9+CeX4bRAaX0Anxt0tx2MrpRpWwQaPwIlISEJhYU5Pw==
  
  base64-js@^1.3.1:
    version "1.5.1"
    resolved "https://registry.npmjs.org/base64-js/-/base64-js-1.5.1.tgz"
    integrity sha512-AKpaYlHn8t4SVbOHCy+b5+KKgvR4vrsD8vbvrbiQJps7fKDTkjkDry6ji0rUJjC0kzbNePLwzxq8iypo41qeWA==
  
  biskviit@1.0.1:
    version "1.0.1"
    resolved "https://registry.npmjs.org/biskviit/-/biskviit-1.0.1.tgz"
    integrity sha512-VGCXdHbdbpEkFgtjkeoBN8vRlbj1ZRX2/mxhE8asCCRalUx2nBzOomLJv8Aw/nRt5+ccDb+tPKidg4XxcfGW4w==
    dependencies:
      psl "^1.1.7"
  
  bl@^4.0.3:
    version "4.1.0"
    resolved "https://registry.npmjs.org/bl/-/bl-4.1.0.tgz"
    integrity sha512-1W07cM9gS6DcLperZfFSj+bWLtaPGSOHWhPiGzXmvVJbRLdG82sH/Kn8EtW1VqWVA54AKf2h5k5BbnIbwF3h6w==
    dependencies:
      buffer "^5.5.0"
      inherits "^2.0.4"
      readable-stream "^3.4.0"
  
  bluebird@^3.5.1:
    version "3.7.2"
    resolved "https://registry.npmjs.org/bluebird/-/bluebird-3.7.2.tgz"
    integrity sha512-XpNj6GDQzdfW+r2Wnn7xiSAd7TM3jzkxGXBGTtWKuSXv1xUV+azxAm8jdWZN06QTQk+2N2XB9jRDkvbmQmcRtg==
  
  boolbase@^1.0.0:
    version "1.0.0"
    resolved "https://registry.npmjs.org/boolbase/-/boolbase-1.0.0.tgz"
    integrity sha512-JZOSA7Mo9sNGB8+UjSgzdLtokWAky1zbztM3WRLCbZ70/3cTANmQmOdR7y2g+J0e2WXywy1yS468tY+IruqEww==
  
  brace-expansion@^1.1.7:
    version "1.1.11"
    resolved "https://registry.npmjs.org/brace-expansion/-/brace-expansion-1.1.11.tgz"
    integrity sha512-iCuPHDFgrHX7H2vEI/5xpz07zSHB00TpugqhmYtVmMO6518mCuRMoOYFldEBl0g187ufozdaHgWKcYFb61qGiA==
    dependencies:
      balanced-match "^1.0.0"
      concat-map "0.0.1"
  
  buffer-crc32@~0.2.3:
    version "0.2.13"
    resolved "https://registry.npmjs.org/buffer-crc32/-/buffer-crc32-0.2.13.tgz"
    integrity sha512-VO9Ht/+p3SN7SKWqcrgEzjGbRSJYTx+Q1pTQC0wrWqHx0vpJraQ6GtHx8tvcg1rlK1byhU5gccxgOgj7B0TDkQ==
  
  buffer@^5.2.1, buffer@^5.5.0:
    version "5.7.1"
    resolved "https://registry.npmjs.org/buffer/-/buffer-5.7.1.tgz"
    integrity sha512-EHcyIPBQ4BSGlvjB16k5KgAJ27CIsHY/2JBmCRReo48y9rQ3MaUzWX3KVlBa4U7MyX02HdVj0K7C3WaB3ju7FQ==
    dependencies:
      base64-js "^1.3.1"
      ieee754 "^1.1.13"
  
  cacheable-lookup@^5.0.3:
    version "5.0.4"
    resolved "https://registry.npmjs.org/cacheable-lookup/-/cacheable-lookup-5.0.4.tgz"
    integrity sha512-2/kNscPhpcxrOigMZzbiWF7dz8ilhb/nIHU3EyZiXWXpeq/au8qJ8VhdftMkty3n7Gj6HIGalQG8oiBNB3AJgA==
  
  cacheable-request@^7.0.2:
    version "7.0.2"
    resolved "https://registry.npmjs.org/cacheable-request/-/cacheable-request-7.0.2.tgz"
    integrity sha512-pouW8/FmiPQbuGpkXQ9BAPv/Mo5xDGANgSNXzTzJ8DrKGuXOssM4wIQRjfanNRh3Yu5cfYPvcorqbhg2KIJtew==
    dependencies:
      clone-response "^1.0.2"
      get-stream "^5.1.0"
      http-cache-semantics "^4.0.0"
      keyv "^4.0.0"
      lowercase-keys "^2.0.0"
      normalize-url "^6.0.1"
      responselike "^2.0.0"
  
  cheerio-select@^2.1.0:
    version "2.1.0"
    resolved "https://registry.npmjs.org/cheerio-select/-/cheerio-select-2.1.0.tgz"
    integrity sha512-9v9kG0LvzrlcungtnJtpGNxY+fzECQKhK4EGJX2vByejiMX84MFNQw4UxPJl3bFbTMw+Dfs37XaIkCwTZfLh4g==
    dependencies:
      boolbase "^1.0.0"
      css-select "^5.1.0"
      css-what "^6.1.0"
      domelementtype "^2.3.0"
      domhandler "^5.0.3"
      domutils "^3.0.1"
  
  cheerio@^1.0.0-rc.12:
    version "1.0.0-rc.12"
    resolved "https://registry.npmjs.org/cheerio/-/cheerio-1.0.0-rc.12.tgz"
    integrity sha512-VqR8m68vM46BNnuZ5NtnGBKIE/DfN0cRIzg9n40EIq9NOv90ayxLBXA8fXC5gquFRGJSTRqBq25Jt2ECLR431Q==
    dependencies:
      cheerio-select "^2.1.0"
      dom-serializer "^2.0.0"
      domhandler "^5.0.3"
      domutils "^3.0.1"
      htmlparser2 "^8.0.1"
      parse5 "^7.0.0"
      parse5-htmlparser2-tree-adapter "^7.0.0"
  
  chownr@^1.1.1:
    version "1.1.4"
    resolved "https://registry.npmjs.org/chownr/-/chownr-1.1.4.tgz"
    integrity sha512-jJ0bqzaylmJtVnNgzTeSOs8DPavpbYgEr/b0YL8/2GO3xJEhInFmhKMUnEJQjZumK7KXGFhUy89PrsJWlakBVg==
  
  clone-response@^1.0.2:
    version "1.0.3"
    resolved "https://registry.npmjs.org/clone-response/-/clone-response-1.0.3.tgz"
    integrity sha512-ROoL94jJH2dUVML2Y/5PEDNaSHgeOdSDicUyS7izcF63G6sTc/FTjLub4b8Il9S8S0beOfYt0TaA5qvFK+w0wA==
    dependencies:
      mimic-response "^1.0.0"
  
  combined-stream@^1.0.8:
    version "1.0.8"
    resolved "https://registry.npmjs.org/combined-stream/-/combined-stream-1.0.8.tgz"
    integrity sha512-FQN4MRfuJeHf7cBbBMJFXhKSDq+2kAArBlmRBvcvFE5BB1HZKXtSFASDhdlz9zOYwxh8lDdnvmMOe/+5cdoEdg==
    dependencies:
      delayed-stream "~1.0.0"
  
  concat-map@0.0.1:
    version "0.0.1"
    resolved "https://registry.npmjs.org/concat-map/-/concat-map-0.0.1.tgz"
    integrity sha512-/Srv4dswyQNBfohGpz9o6Yb3Gz3SrUDqBH5rTuhGR7ahtlbYKnVxw2bCFMRljaA7EXHaXZ8wsHdodFvbkhKmqg==
  
  cross-fetch@3.1.5:
    version "3.1.5"
    resolved "https://registry.npmjs.org/cross-fetch/-/cross-fetch-3.1.5.tgz"
    integrity sha512-lvb1SBsI0Z7GDwmuid+mU3kWVBwTVUbe7S0H52yaaAdQOXq2YktTCZdlAcNKFzE6QtRz0snpw9bNiPeOIkkQvw==
    dependencies:
      node-fetch "2.6.7"
  
  css-select@^5.1.0:
    version "5.1.0"
    resolved "https://registry.npmjs.org/css-select/-/css-select-5.1.0.tgz"
    integrity sha512-nwoRF1rvRRnnCqqY7updORDsuqKzqYJ28+oSMaJMMgOauh3fvwHqMS7EZpIPqK8GL+g9mKxF1vP/ZjSeNjEVHg==
    dependencies:
      boolbase "^1.0.0"
      css-what "^6.1.0"
      domhandler "^5.0.2"
      domutils "^3.0.1"
      nth-check "^2.0.1"
  
  css-what@^6.1.0:
    version "6.1.0"
    resolved "https://registry.npmjs.org/css-what/-/css-what-6.1.0.tgz"
    integrity sha512-HTUrgRJ7r4dsZKU6GjmpfRK1O76h97Z8MfS1G0FozR+oF2kG6Vfe8JE6zwrkbxigziPHinCJ+gCPjA9EaBDtRw==
  
  csv-generate@^4.2.0:
    version "4.2.0"
    resolved "https://registry.npmjs.org/csv-generate/-/csv-generate-4.2.0.tgz"
    integrity sha512-zlIESlGQaYqIhNYwBN2pj5KXNMYbAXZYMOgNoVSoYV8MQyGZwcNWX+kx5LHxocp+zQDqzSgeKh+e+AZs+nCq4Q==
  
  csv-parse@^5.3.1:
    version "5.3.1"
    resolved "https://registry.npmjs.org/csv-parse/-/csv-parse-5.3.1.tgz"
    integrity sha512-R4Hv6eGJNzgcKdThZ6XORbSQ873HVcNke74QIq+LbwpT90LaZ8Xzl7KKiuIP16xq/P7ofzRt0h7S0xm+fVScsw==
  
  csv-stringify@^6.2.0:
    version "6.2.0"
    resolved "https://registry.npmjs.org/csv-stringify/-/csv-stringify-6.2.0.tgz"
    integrity sha512-dcUbQLRTTDcgQxgEU8V9IctkaCwHZjZfzUZ5ZB3RY8Y+pXtdtl5iVQHfGzANytFFkRKanYzBXrkfpNdGR7eviA==
  
  csv-writer@^1.6.0:
    version "1.6.0"
    resolved "https://registry.npmjs.org/csv-writer/-/csv-writer-1.6.0.tgz"
    integrity sha512-NOx7YDFWEsM/fTRAJjRpPp8t+MKRVvniAg9wQlUKx20MFrPs73WLJhFf5iteqrxNYnsy924K3Iroh3yNHeYd2g==
  
  csv@^6.2.1:
    version "6.2.1"
    resolved "https://registry.npmjs.org/csv/-/csv-6.2.1.tgz"
    integrity sha512-qTEPklcIZkJGaB/j6/2qNXZbKgWSXPVMyRnZvRcb1F7MGyvLqJexlZlbJ3NQkgmUoAeScZhsRHjlZEgImBfCYQ==
    dependencies:
      csv-generate "^4.2.0"
      csv-parse "^5.3.1"
      csv-stringify "^6.2.0"
      stream-transform "^3.2.0"
  
  csvtojson@^2.0.10:
    version "2.0.10"
    resolved "https://registry.npmjs.org/csvtojson/-/csvtojson-2.0.10.tgz"
    integrity sha512-lUWFxGKyhraKCW8Qghz6Z0f2l/PqB1W3AO0HKJzGIQ5JRSlR651ekJDiGJbBT4sRNNv5ddnSGVEnsxP9XRCVpQ==
    dependencies:
      bluebird "^3.5.1"
      lodash "^4.17.3"
      strip-bom "^2.0.0"
  
  data-uri-to-buffer@^4.0.0:
    version "4.0.0"
    resolved "https://registry.npmjs.org/data-uri-to-buffer/-/data-uri-to-buffer-4.0.0.tgz"
    integrity sha512-Vr3mLBA8qWmcuschSLAOogKgQ/Jwxulv3RNE4FXnYWRGujzrRWQI4m12fQqRkwX06C0KanhLr4hK+GydchZsaA==
  
  debug@4, debug@4.3.4, debug@^4.1.1:
    version "4.3.4"
    resolved "https://registry.npmjs.org/debug/-/debug-4.3.4.tgz"
    integrity sha512-PRWFHuSU3eDtQJPvnNY7Jcket1j0t5OuOsFzPPzsekD52Zl8qUfFIPEiswXqIvHWGVHOgX+7G/vCNNhehwxfkQ==
    dependencies:
      ms "2.1.2"
  
  decompress-response@^6.0.0:
    version "6.0.0"
    resolved "https://registry.npmjs.org/decompress-response/-/decompress-response-6.0.0.tgz"
    integrity sha512-aW35yZM6Bb/4oJlZncMH2LCoZtJXTRxES17vE3hoRiowU2kWHaJKFkSBDnDR+cm9J+9QhXmREyIfv0pji9ejCQ==
    dependencies:
      mimic-response "^3.1.0"
  
  deeks@2.5.1:
    version "2.5.1"
    resolved "https://registry.npmjs.org/deeks/-/deeks-2.5.1.tgz"
    integrity sha512-fqrBeUz7f1UqaXDRzVB5RG2EfPk15HJRrb2pMZj8mLlSTtz4tRPsK5leFOskoHFPuyZ6+7aRM9j657fvXLkJ7Q==
  
  defer-to-connect@^2.0.0:
    version "2.0.1"
    resolved "https://registry.npmjs.org/defer-to-connect/-/defer-to-connect-2.0.1.tgz"
    integrity sha512-4tvttepXG1VaYGrRibk5EwJd1t4udunSOVMdLSAL6mId1ix438oPwPZMALY41FCijukO1L0twNcGsdzS7dHgDg==
  
  delayed-stream@~1.0.0:
    version "1.0.0"
    resolved "https://registry.npmjs.org/delayed-stream/-/delayed-stream-1.0.0.tgz"
    integrity sha512-ZySD7Nf91aLB0RxL4KGrKHBXl7Eds1DAmEdcoVawXnLD7SDhpNgtuII2aAkg7a7QS41jxPSZ17p4VdGnMHk3MQ==
  
  devtools-protocol@0.0.1045489:
    version "0.0.1045489"
    resolved "https://registry.npmjs.org/devtools-protocol/-/devtools-protocol-0.0.1045489.tgz"
    integrity sha512-D+PTmWulkuQW4D1NTiCRCFxF7pQPn0hgp4YyX4wAQ6xYXKOadSWPR3ENGDQ47MW/Ewc9v2rpC/UEEGahgBYpSQ==
  
  doc-path@3.0.2:
    version "3.0.2"
    resolved "https://registry.npmjs.org/doc-path/-/doc-path-3.0.2.tgz"
    integrity sha512-VRlA2OKSjTbHWj6wmSanxJ338fE/YN8pqmZ0FIWK5JWkIJMFRc4KmD35JtOrnjvVG0WrzOtDDNHx1lN1tkb+lA==
  
  dom-serializer@^2.0.0:
    version "2.0.0"
    resolved "https://registry.npmjs.org/dom-serializer/-/dom-serializer-2.0.0.tgz"
    integrity sha512-wIkAryiqt/nV5EQKqQpo3SToSOV9J0DnbJqwK7Wv/Trc92zIAYZ4FlMu+JPFW1DfGFt81ZTCGgDEabffXeLyJg==
    dependencies:
      domelementtype "^2.3.0"
      domhandler "^5.0.2"
      entities "^4.2.0"
  
  domelementtype@^2.3.0:
    version "2.3.0"
    resolved "https://registry.npmjs.org/domelementtype/-/domelementtype-2.3.0.tgz"
    integrity sha512-OLETBj6w0OsagBwdXnPdN0cnMfF9opN69co+7ZrbfPGrdpPVNBUj02spi6B1N7wChLQiPn4CSH/zJvXw56gmHw==
  
  domhandler@^5.0.1, domhandler@^5.0.2, domhandler@^5.0.3:
    version "5.0.3"
    resolved "https://registry.npmjs.org/domhandler/-/domhandler-5.0.3.tgz"
    integrity sha512-cgwlv/1iFQiFnU96XXgROh8xTeetsnJiDsTc7TYCLFd9+/WNkIqPTxiM/8pSd8VIrhXGTf1Ny1q1hquVqDJB5w==
    dependencies:
      domelementtype "^2.3.0"
  
  domino@^2.1.6:
    version "2.1.6"
    resolved "https://registry.npmjs.org/domino/-/domino-2.1.6.tgz"
    integrity sha512-3VdM/SXBZX2omc9JF9nOPCtDaYQ67BGp5CoLpIQlO2KCAPETs8TcDHacF26jXadGbvUteZzRTeos2fhID5+ucQ==
  
  domutils@^3.0.1:
    version "3.0.1"
    resolved "https://registry.npmjs.org/domutils/-/domutils-3.0.1.tgz"
    integrity sha512-z08c1l761iKhDFtfXO04C7kTdPBLi41zwOZl00WS8b5eiaebNpY00HKbztwBq+e3vyqWNwWF3mP9YLUeqIrF+Q==
    dependencies:
      dom-serializer "^2.0.0"
      domelementtype "^2.3.0"
      domhandler "^5.0.1"
  
  encoding@0.1.12:
    version "0.1.12"
    resolved "https://registry.npmjs.org/encoding/-/encoding-0.1.12.tgz"
    integrity sha512-bl1LAgiQc4ZWr++pNYUdRe/alecaHFeHxIJ/pNciqGdKXghaTCOwKkbKp6ye7pKZGu/GcaSXFk8PBVhgs+dJdA==
    dependencies:
      iconv-lite "~0.4.13"
  
  end-of-stream@^1.1.0, end-of-stream@^1.4.1:
    version "1.4.4"
    resolved "https://registry.npmjs.org/end-of-stream/-/end-of-stream-1.4.4.tgz"
    integrity sha512-+uw1inIHVPQoaVuHzRyXd21icM+cnt4CzD5rW+NC1wjOUSTOs+Te7FOv7AhN7vS9x/oIyhLP5PR1H+phQAHu5Q==
    dependencies:
      once "^1.4.0"
  
  entities@^4.2.0, entities@^4.3.0, entities@^4.4.0:
    version "4.4.0"
    resolved "https://registry.npmjs.org/entities/-/entities-4.4.0.tgz"
    integrity sha512-oYp7156SP8LkeGD0GF85ad1X9Ai79WtRsZ2gxJqtBuzH+98YUV6jkHEKlZkMbcrjJjIVJNIDP/3WL9wQkoPbWA==
  
  extract-zip@2.0.1:
    version "2.0.1"
    resolved "https://registry.npmjs.org/extract-zip/-/extract-zip-2.0.1.tgz"
    integrity sha512-GDhU9ntwuKyGXdZBUgTIe+vXnWj0fppUEtMDL0+idd5Sta8TGpHssn/eusA9mrPr9qNDym6SxAYZjNvCn/9RBg==
    dependencies:
      debug "^4.1.1"
      get-stream "^5.1.0"
      yauzl "^2.10.0"
    optionalDependencies:
      "@types/yauzl" "^2.9.1"
  
  fd-slicer@~1.1.0:
    version "1.1.0"
    resolved "https://registry.npmjs.org/fd-slicer/-/fd-slicer-1.1.0.tgz"
    integrity sha512-cE1qsB/VwyQozZ+q1dGxR8LBYNZeofhEdUNGSMbQD3Gw2lAzX9Zb3uIU6Ebc/Fmyjo9AWWfnn0AUCHqtevs/8g==
    dependencies:
      pend "~1.2.0"
  
  fetch-blob@^3.1.2, fetch-blob@^3.1.4:
    version "3.2.0"
    resolved "https://registry.npmjs.org/fetch-blob/-/fetch-blob-3.2.0.tgz"
    integrity sha512-7yAQpD2UMJzLi1Dqv7qFYnPbaPx7ZfFK6PiIxQ4PfkGPyNyl2Ugx+a/umUonmKqjhM4DnfbMvdX6otXq83soQQ==
    dependencies:
      node-domexception "^1.0.0"
      web-streams-polyfill "^3.0.3"
  
  fetch@^1.1.0:
    version "1.1.0"
    resolved "https://registry.npmjs.org/fetch/-/fetch-1.1.0.tgz"
    integrity sha512-5O8TwrGzoNblBG/jtK4NFuZwNCkZX6s5GfRNOaGtm+QGJEuNakSC/i2RW0R93KX6E0jVjNXm6O3CRN4Ql3K+yA==
    dependencies:
      biskviit "1.0.1"
      encoding "0.1.12"
  
  form-data@^3.0.0:
    version "3.0.1"
    resolved "https://registry.npmjs.org/form-data/-/form-data-3.0.1.tgz"
    integrity sha512-RHkBKtLWUVwd7SqRIvCZMEvAMoGUp0XU+seQiZejj0COz3RI3hWP4sCv3gZWWLjJTd7rGwcsF5eKZGii0r/hbg==
    dependencies:
      asynckit "^0.4.0"
      combined-stream "^1.0.8"
      mime-types "^2.1.12"
  
  formdata-polyfill@^4.0.10:
    version "4.0.10"
    resolved "https://registry.npmjs.org/formdata-polyfill/-/formdata-polyfill-4.0.10.tgz"
    integrity sha512-buewHzMvYL29jdeQTVILecSaZKnt/RJWjoZCF5OW60Z67/GmSLBkOFM7qh1PI3zFNtJbaZL5eQu1vLfazOwj4g==
    dependencies:
      fetch-blob "^3.1.2"
  
  fs-constants@^1.0.0:
    version "1.0.0"
    resolved "https://registry.npmjs.org/fs-constants/-/fs-constants-1.0.0.tgz"
    integrity sha512-y6OAwoSIf7FyjMIv94u+b5rdheZEjzR63GTyZJm5qh4Bi+2YgwLCcI/fPFZkL5PSixOt6ZNKm+w+Hfp/Bciwow==
  
  fs.realpath@^1.0.0:
    version "1.0.0"
    resolved "https://registry.npmjs.org/fs.realpath/-/fs.realpath-1.0.0.tgz"
    integrity sha512-OO0pH2lK6a0hZnAdau5ItzHPI6pUlvI7jMVnxUQRtw4owF2wk8lOSabtGDCTP4Ggrg2MbGnWO9X8K1t4+fGMDw==
  
  get-stream@^5.1.0:
    version "5.2.0"
    resolved "https://registry.npmjs.org/get-stream/-/get-stream-5.2.0.tgz"
    integrity sha512-nBF+F1rAZVCu/p7rjzgA+Yb4lfYXrpl7a6VmJrU8wF9I1CKvP/QwPNZHnOlwbTkY6dvtFIzFMSyQXbLoTQPRpA==
    dependencies:
      pump "^3.0.0"
  
  glob@^7.1.3:
    version "7.2.3"
    resolved "https://registry.npmjs.org/glob/-/glob-7.2.3.tgz"
    integrity sha512-nFR0zLpU2YCaRxwoCJvL6UvCH2JFyFVIvwTLsIf21AuHlMskA1hhTdk+LlYJtOlYt9v6dvszD2BGRqBL+iQK9Q==
    dependencies:
      fs.realpath "^1.0.0"
      inflight "^1.0.4"
      inherits "2"
      minimatch "^3.1.1"
      once "^1.3.0"
      path-is-absolute "^1.0.0"
  
  got@^11.8.1:
    version "11.8.5"
    resolved "https://registry.npmjs.org/got/-/got-11.8.5.tgz"
    integrity sha512-o0Je4NvQObAuZPHLFoRSkdG2lTgtcynqymzg2Vupdx6PorhaT5MCbIyXG6d4D94kk8ZG57QeosgdiqfJWhEhlQ==
    dependencies:
      "@sindresorhus/is" "^4.0.0"
      "@szmarczak/http-timer" "^4.0.5"
      "@types/cacheable-request" "^6.0.1"
      "@types/responselike" "^1.0.0"
      cacheable-lookup "^5.0.3"
      cacheable-request "^7.0.2"
      decompress-response "^6.0.0"
      http2-wrapper "^1.0.0-beta.5.2"
      lowercase-keys "^2.0.0"
      p-cancelable "^2.0.0"
      responselike "^2.0.0"
  
  htmlparser2@^8.0.1:
    version "8.0.1"
    resolved "https://registry.npmjs.org/htmlparser2/-/htmlparser2-8.0.1.tgz"
    integrity sha512-4lVbmc1diZC7GUJQtRQ5yBAeUCL1exyMwmForWkRLnwyzWBFxN633SALPMGYaWZvKe9j1pRZJpauvmxENSp/EA==
    dependencies:
      domelementtype "^2.3.0"
      domhandler "^5.0.2"
      domutils "^3.0.1"
      entities "^4.3.0"
  
  http-cache-semantics@^4.0.0:
    version "4.1.0"
    resolved "https://registry.npmjs.org/http-cache-semantics/-/http-cache-semantics-4.1.0.tgz"
    integrity sha512-carPklcUh7ROWRK7Cv27RPtdhYhUsela/ue5/jKzjegVvXDqM2ILE9Q2BGn9JZJh1g87cp56su/FgQSzcWS8cQ==
  
  http2-wrapper@^1.0.0-beta.5.2:
    version "1.0.3"
    resolved "https://registry.npmjs.org/http2-wrapper/-/http2-wrapper-1.0.3.tgz"
    integrity sha512-V+23sDMr12Wnz7iTcDeJr3O6AIxlnvT/bmaAAAP/Xda35C90p9599p0F1eHR/N1KILWSoWVAiOMFjBBXaXSMxg==
    dependencies:
      quick-lru "^5.1.1"
      resolve-alpn "^1.0.0"
  
  https-proxy-agent@5.0.1:
    version "5.0.1"
    resolved "https://registry.npmjs.org/https-proxy-agent/-/https-proxy-agent-5.0.1.tgz"
    integrity sha512-dFcAjpTQFgoLMzC2VwU+C/CbS7uRL0lWmxDITmqm7C+7F0Odmj6s9l6alZc6AELXhrnggM2CeWSXHGOdX2YtwA==
    dependencies:
      agent-base "6"
      debug "4"
  
  iconv-lite@~0.4.13:
    version "0.4.24"
    resolved "https://registry.npmjs.org/iconv-lite/-/iconv-lite-0.4.24.tgz"
    integrity sha512-v3MXnZAcvnywkTUEZomIActle7RXXeedOR31wwl7VlyoXO4Qi9arvSenNQWne1TcRwhCL1HwLI21bEqdpj8/rA==
    dependencies:
      safer-buffer ">= 2.1.2 < 3"
  
  ieee754@^1.1.13:
    version "1.2.1"
    resolved "https://registry.npmjs.org/ieee754/-/ieee754-1.2.1.tgz"
    integrity sha512-dcyqhDvX1C46lXZcVqCpK+FtMRQVdIMN6/Df5js2zouUsqG7I6sFxitIC+7KYK29KdXOLHdu9zL4sFnoVQnqaA==
  
  inflight@^1.0.4:
    version "1.0.6"
    resolved "https://registry.npmjs.org/inflight/-/inflight-1.0.6.tgz"
    integrity sha512-k92I/b08q4wvFscXCLvqfsHCrjrF7yiXsQuIVvVE7N82W3+aqpzuUdBbfhWcy/FZR3/4IgflMgKLOsvPDrGCJA==
    dependencies:
      once "^1.3.0"
      wrappy "1"
  
  inherits@2, inherits@^2.0.3, inherits@^2.0.4:
    version "2.0.4"
    resolved "https://registry.npmjs.org/inherits/-/inherits-2.0.4.tgz"
    integrity sha512-k/vGaX4/Yla3WzyMCvTQOXYeIHvqOKtnqBduzTHpzpQZzAskKMhZ2K+EnBiSM9zGSoIFeMpXKxa4dYeZIQqewQ==
  
  is-utf8@^0.2.0:
    version "0.2.1"
    resolved "https://registry.npmjs.org/is-utf8/-/is-utf8-0.2.1.tgz"
    integrity sha512-rMYPYvCzsXywIsldgLaSoPlw5PfoB/ssr7hY4pLfcodrA5M/eArza1a9VmTiNIBNMjOGr1Ow9mTyU2o69U6U9Q==
  
  json-2-csv@^3.17.2:
    version "3.17.2"
    resolved "https://registry.npmjs.org/json-2-csv/-/json-2-csv-3.17.2.tgz"
    integrity sha512-Cmds9bIMxhqdYX1dx9AGXE0vLetTj1if0w2rpa2Zykn3f1tiD2535nLgrvJG8BbkCq1++qQwCCzvPjeSl6BCJQ==
    dependencies:
      deeks "2.5.1"
      doc-path "3.0.2"
  
  json-buffer@3.0.1:
    version "3.0.1"
    resolved "https://registry.npmjs.org/json-buffer/-/json-buffer-3.0.1.tgz"
    integrity sha512-4bV5BfR2mqfQTJm+V5tPPdf+ZpuhiIvTuAB5g8kcrXOZpTT/QwwVRWBywX1ozr6lEuPdbHxwaJlm9G6mI2sfSQ==
  
  keyv@^4.0.0:
    version "4.5.0"
    resolved "https://registry.npmjs.org/keyv/-/keyv-4.5.0.tgz"
    integrity sha512-2YvuMsA+jnFGtBareKqgANOEKe1mk3HKiXu2fRmAfyxG0MJAywNhi5ttWA3PMjl4NmpyjZNbFifR2vNjW1znfA==
    dependencies:
      json-buffer "3.0.1"
  
  lodash@^4.17.3:
    version "4.17.21"
    resolved "https://registry.npmjs.org/lodash/-/lodash-4.17.21.tgz"
    integrity sha512-v2kDEe57lecTulaDIuNTPy3Ry4gLGJ6Z1O3vE1krgXZNrsQ+LFTGHVxVjcXPs17LhbZVGedAJv8XZ1tvj5FvSg==
  
  lowercase-keys@^2.0.0:
    version "2.0.0"
    resolved "https://registry.npmjs.org/lowercase-keys/-/lowercase-keys-2.0.0.tgz"
    integrity sha512-tqNXrS78oMOE73NMxK4EMLQsQowWf8jKooH9g7xPavRT706R6bkQJ6DY2Te7QukaZsulxa30wQ7bk0pm4XiHmA==
  
  metadata-scraper@^0.2.61:
    version "0.2.61"
    resolved "https://registry.npmjs.org/metadata-scraper/-/metadata-scraper-0.2.61.tgz"
    integrity sha512-ECV8r10nIVgn7Y5vY8lnlvi9vF1YgYBJjn2R1zrOcKRe47ra9Yg25ZE1ejL3Equqi8u2Mp346KHqIcR4PLdyTA==
    dependencies:
      domino "^2.1.6"
      got "^11.8.1"
  
  mime-db@1.52.0:
    version "1.52.0"
    resolved "https://registry.npmjs.org/mime-db/-/mime-db-1.52.0.tgz"
    integrity sha512-sPU4uV7dYlvtWJxwwxHD0PuihVNiE7TyAbQ5SWxDCB9mUYvOgroQOwYQQOKPJ8CIbE+1ETVlOoK1UC2nU3gYvg==
  
  mime-types@^2.1.12:
    version "2.1.35"
    resolved "https://registry.npmjs.org/mime-types/-/mime-types-2.1.35.tgz"
    integrity sha512-ZDY+bPm5zTTF+YpCrAU9nK0UgICYPT0QtT1NZWFv4s++TNkcgVaT0g6+4R2uI4MjQjzysHB1zxuWL50hzaeXiw==
    dependencies:
      mime-db "1.52.0"
  
  mimic-response@^1.0.0:
    version "1.0.1"
    resolved "https://registry.npmjs.org/mimic-response/-/mimic-response-1.0.1.tgz"
    integrity sha512-j5EctnkH7amfV/q5Hgmoal1g2QHFJRraOtmx0JpIqkxhBhI/lJSl1nMpQ45hVarwNETOoWEimndZ4QK0RHxuxQ==
  
  mimic-response@^3.1.0:
    version "3.1.0"
    resolved "https://registry.npmjs.org/mimic-response/-/mimic-response-3.1.0.tgz"
    integrity sha512-z0yWI+4FDrrweS8Zmt4Ej5HdJmky15+L2e6Wgn3+iK5fWzb6T3fhNFq2+MeTRb064c6Wr4N/wv0DzQTjNzHNGQ==
  
  minimatch@^3.1.1:
    version "3.1.2"
    resolved "https://registry.npmjs.org/minimatch/-/minimatch-3.1.2.tgz"
    integrity sha512-J7p63hRiAjw1NDEww1W7i37+ByIrOWO5XQQAzZ3VOcL0PNybwpfmV/N05zFAzwQ9USyEcX6t3UO+K5aqBQOIHw==
    dependencies:
      brace-expansion "^1.1.7"
  
  mkdirp-classic@^0.5.2:
    version "0.5.3"
    resolved "https://registry.npmjs.org/mkdirp-classic/-/mkdirp-classic-0.5.3.tgz"
    integrity sha512-gKLcREMhtuZRwRAfqP3RFW+TK4JqApVBtOIftVgjuABpAtpxhPGaDcfvbhNvD0B8iD1oUr/txX35NjcaY6Ns/A==
  
  ms@2.1.2:
    version "2.1.2"
    resolved "https://registry.npmjs.org/ms/-/ms-2.1.2.tgz"
    integrity sha512-sGkPx+VjMtmA6MX27oA4FBFELFCZZ4S4XqeGOXCv68tT+jb3vk/RyaKWP0PTKyWtmLSM0b+adUTEvbs1PEaH2w==
  
  node-domexception@^1.0.0:
    version "1.0.0"
    resolved "https://registry.npmjs.org/node-domexception/-/node-domexception-1.0.0.tgz"
    integrity sha512-/jKZoMpw0F8GRwl4/eLROPA3cfcXtLApP0QzLmUT/HuPCZWyB7IY9ZrMeKw2O/nFIqPQB3PVM9aYm0F312AXDQ==
  
  node-fetch@2.6.7, node-fetch@^2.6.1:
    version "2.6.7"
    resolved "https://registry.npmjs.org/node-fetch/-/node-fetch-2.6.7.tgz"
    integrity sha512-ZjMPFEfVx5j+y2yF35Kzx5sF7kDzxuDj6ziH4FFbOp87zKDZNx8yExJIb05OGF4Nlt9IHFIMBkRl41VdvcNdbQ==
    dependencies:
      whatwg-url "^5.0.0"
  
  node-fetch@^3.2.10:
    version "3.2.10"
    resolved "https://registry.yarnpkg.com/node-fetch/-/node-fetch-3.2.10.tgz#e8347f94b54ae18b57c9c049ef641cef398a85c8"
    integrity sha512-MhuzNwdURnZ1Cp4XTazr69K0BTizsBroX7Zx3UgDSVcZYKF/6p0CBe4EUb/hLqmzVhl0UpYfgRljQ4yxE+iCxA==
    dependencies:
      data-uri-to-buffer "^4.0.0"
      fetch-blob "^3.1.4"
      formdata-polyfill "^4.0.10"
  
  normalize-url@^6.0.1:
    version "6.1.0"
    resolved "https://registry.npmjs.org/normalize-url/-/normalize-url-6.1.0.tgz"
    integrity sha512-DlL+XwOy3NxAQ8xuC0okPgK46iuVNAK01YN7RueYBqqFeGsBjV9XmCAzAdgt+667bCl5kPh9EqKKDwnaPG1I7A==
  
  nth-check@^2.0.1:
    version "2.1.1"
    resolved "https://registry.npmjs.org/nth-check/-/nth-check-2.1.1.tgz"
    integrity sha512-lqjrjmaOoAnWfMmBPL+XNnynZh2+swxiX3WUE0s4yEHI6m+AwrK2UZOimIRl3X/4QctVqS8AiZjFqyOGrMXb/w==
    dependencies:
      boolbase "^1.0.0"
  
  once@^1.3.0, once@^1.3.1, once@^1.4.0:
    version "1.4.0"
    resolved "https://registry.npmjs.org/once/-/once-1.4.0.tgz"
    integrity sha512-lNaJgI+2Q5URQBkccEKHTQOPaXdUxnZZElQTZY0MFUAuaEqe1E+Nyvgdz/aIyNi6Z9MzO5dv1H8n58/GELp3+w==
    dependencies:
      wrappy "1"
  
  p-cancelable@^2.0.0:
    version "2.1.1"
    resolved "https://registry.npmjs.org/p-cancelable/-/p-cancelable-2.1.1.tgz"
    integrity sha512-BZOr3nRQHOntUjTrH8+Lh54smKHoHyur8We1V8DSMVrl5A2malOOwuJRnKRDjSnkoeBh4at6BwEnb5I7Jl31wg==
  
  parse5-htmlparser2-tree-adapter@^7.0.0:
    version "7.0.0"
    resolved "https://registry.npmjs.org/parse5-htmlparser2-tree-adapter/-/parse5-htmlparser2-tree-adapter-7.0.0.tgz"
    integrity sha512-B77tOZrqqfUfnVcOrUvfdLbz4pu4RopLD/4vmu3HUPswwTA8OH0EMW9BlWR2B0RCoiZRAHEUu7IxeP1Pd1UU+g==
    dependencies:
      domhandler "^5.0.2"
      parse5 "^7.0.0"
  
  parse5@^7.0.0:
    version "7.1.1"
    resolved "https://registry.npmjs.org/parse5/-/parse5-7.1.1.tgz"
    integrity sha512-kwpuwzB+px5WUg9pyK0IcK/shltJN5/OVhQagxhCQNtT9Y9QRZqNY2e1cmbu/paRh5LMnz/oVTVLBpjFmMZhSg==
    dependencies:
      entities "^4.4.0"
  
  path-is-absolute@^1.0.0:
    version "1.0.1"
    resolved "https://registry.npmjs.org/path-is-absolute/-/path-is-absolute-1.0.1.tgz"
    integrity sha512-AVbw3UJ2e9bq64vSaS9Am0fje1Pa8pbGqTTsmXfaIiMpnr5DlDhfJOuLj9Sf95ZPVDAUerDfEk88MPmPe7UCQg==
  
  pend@~1.2.0:
    version "1.2.0"
    resolved "https://registry.npmjs.org/pend/-/pend-1.2.0.tgz"
    integrity sha512-F3asv42UuXchdzt+xXqfW1OGlVBe+mxa2mqI0pg5yAHZPvFmY3Y6drSf/GQ1A86WgWEN9Kzh/WrgKa6iGcHXLg==
  
  progress@2.0.3:
    version "2.0.3"
    resolved "https://registry.npmjs.org/progress/-/progress-2.0.3.tgz"
    integrity sha512-7PiHtLll5LdnKIMw100I+8xJXR5gW2QwWYkT6iJva0bXitZKa/XMrSbdmg3r2Xnaidz9Qumd0VPaMrZlF9V9sA==
  
  proxy-from-env@1.1.0:
    version "1.1.0"
    resolved "https://registry.npmjs.org/proxy-from-env/-/proxy-from-env-1.1.0.tgz"
    integrity sha512-D+zkORCbA9f1tdWRK0RaCR3GPv50cMxcrz4X8k5LTSUD1Dkw47mKJEZQNunItRTkWwgtaUSo1RVFRIG9ZXiFYg==
  
  psl@^1.1.7:
    version "1.9.0"
    resolved "https://registry.npmjs.org/psl/-/psl-1.9.0.tgz"
    integrity sha512-E/ZsdU4HLs/68gYzgGTkMicWTLPdAftJLfJFlLUAAKZGkStNU72sZjT66SnMDVOfOWY/YAoiD7Jxa9iHvngcag==
  
  pump@^3.0.0:
    version "3.0.0"
    resolved "https://registry.npmjs.org/pump/-/pump-3.0.0.tgz"
    integrity sha512-LwZy+p3SFs1Pytd/jYct4wpv49HiYCqd9Rlc5ZVdk0V+8Yzv6jR5Blk3TRmPL1ft69TxP0IMZGJ+WPFU2BFhww==
    dependencies:
      end-of-stream "^1.1.0"
      once "^1.3.1"
  
  puppeteer-core@19.0.0:
    version "19.0.0"
    resolved "https://registry.npmjs.org/puppeteer-core/-/puppeteer-core-19.0.0.tgz"
    integrity sha512-OljQ9W5M4cBX68vnOAGbcRkVENDHn6lfj6QYoGsnLQsxPAh6ExTQAhHauwdFdQkhYdDExZFWlKArnBONzeHY+g==
    dependencies:
      cross-fetch "3.1.5"
      debug "4.3.4"
      devtools-protocol "0.0.1045489"
      extract-zip "2.0.1"
      https-proxy-agent "5.0.1"
      proxy-from-env "1.1.0"
      rimraf "3.0.2"
      tar-fs "2.1.1"
      unbzip2-stream "1.4.3"
      ws "8.9.0"
  
  puppeteer@^19.0.0:
    version "19.0.0"
    resolved "https://registry.npmjs.org/puppeteer/-/puppeteer-19.0.0.tgz"
    integrity sha512-3Ga5IVerQQ2hKU9q7T28RmcUsd8F2kL6cYuPcPCzeclSjmHhGydPBZL/KJKC02sG6J6Wfry85uiWpbkjQ5qBiw==
    dependencies:
      https-proxy-agent "5.0.1"
      progress "2.0.3"
      proxy-from-env "1.1.0"
      puppeteer-core "19.0.0"
  
  quick-lru@^5.1.1:
    version "5.1.1"
    resolved "https://registry.npmjs.org/quick-lru/-/quick-lru-5.1.1.tgz"
    integrity sha512-WuyALRjWPDGtt/wzJiadO5AXY+8hZ80hVpe6MyivgraREW751X3SbhRvG3eLKOYN+8VEvqLcf3wdnt44Z4S4SA==
  
  readable-stream@^3.1.1, readable-stream@^3.4.0:
    version "3.6.0"
    resolved "https://registry.npmjs.org/readable-stream/-/readable-stream-3.6.0.tgz"
    integrity sha512-BViHy7LKeTz4oNnkcLJ+lVSL6vpiFeX6/d3oSH8zCW7UxP2onchk+vTGB143xuFjHS3deTgkKoXXymXqymiIdA==
    dependencies:
      inherits "^2.0.3"
      string_decoder "^1.1.1"
      util-deprecate "^1.0.1"
  
  resolve-alpn@^1.0.0:
    version "1.2.1"
    resolved "https://registry.npmjs.org/resolve-alpn/-/resolve-alpn-1.2.1.tgz"
    integrity sha512-0a1F4l73/ZFZOakJnQ3FvkJ2+gSTQWz/r2KE5OdDY0TxPm5h4GkqkWWfM47T7HsbnOtcJVEF4epCVy6u7Q3K+g==
  
  responselike@^2.0.0:
    version "2.0.1"
    resolved "https://registry.npmjs.org/responselike/-/responselike-2.0.1.tgz"
    integrity sha512-4gl03wn3hj1HP3yzgdI7d3lCkF95F21Pz4BPGvKHinyQzALR5CapwC8yIi0Rh58DEMQ/SguC03wFj2k0M/mHhw==
    dependencies:
      lowercase-keys "^2.0.0"
  
  rimraf@3.0.2:
    version "3.0.2"
    resolved "https://registry.npmjs.org/rimraf/-/rimraf-3.0.2.tgz"
    integrity sha512-JZkJMZkAGFFPP2YqXZXPbMlMBgsxzE8ILs4lMIX/2o0L9UBw9O/Y3o6wFw/i9YLapcUJWwqbi3kdxIPdC62TIA==
    dependencies:
      glob "^7.1.3"
  
  safe-buffer@~5.2.0:
    version "5.2.1"
    resolved "https://registry.npmjs.org/safe-buffer/-/safe-buffer-5.2.1.tgz"
    integrity sha512-rp3So07KcdmmKbGvgaNxQSJr7bGVSVk5S9Eq1F+ppbRo70+YeaDxkw5Dd8NPN+GD6bjnYm2VuPuCXmpuYvmCXQ==
  
  "safer-buffer@>= 2.1.2 < 3":
    version "2.1.2"
    resolved "https://registry.npmjs.org/safer-buffer/-/safer-buffer-2.1.2.tgz"
    integrity sha512-YZo3K82SD7Riyi0E1EQPojLz7kpepnSQI9IyPbHHg1XXXevb5dJI7tpyN2ADxGcQbHG7vcyRHk0cbwqcQriUtg==
  
  stream-transform@^3.2.0:
    version "3.2.0"
    resolved "https://registry.npmjs.org/stream-transform/-/stream-transform-3.2.0.tgz"
    integrity sha512-M22v88wNknyJiIyHYoiIYI5RPl/R7tkf92j1YNkmrbe5XRGHW0jW8n458j1njOrR4Edcj8bwbpSV0iLIWon1hg==
  
  string_decoder@^1.1.1:
    version "1.3.0"
    resolved "https://registry.npmjs.org/string_decoder/-/string_decoder-1.3.0.tgz"
    integrity sha512-hkRX8U1WjJFd8LsDJ2yQ/wWWxaopEsABU1XfkM8A+j0+85JAGppt16cr1Whg6KIbb4okU6Mql6BOj+uup/wKeA==
    dependencies:
      safe-buffer "~5.2.0"
  
  strip-bom@^2.0.0:
    version "2.0.0"
    resolved "https://registry.npmjs.org/strip-bom/-/strip-bom-2.0.0.tgz"
    integrity sha512-kwrX1y7czp1E69n2ajbG65mIo9dqvJ+8aBQXOGVxqwvNbsXdFM6Lq37dLAY3mknUwru8CfcCbfOLL/gMo+fi3g==
    dependencies:
      is-utf8 "^0.2.0"
  
  tar-fs@2.1.1:
    version "2.1.1"
    resolved "https://registry.npmjs.org/tar-fs/-/tar-fs-2.1.1.tgz"
    integrity sha512-V0r2Y9scmbDRLCNex/+hYzvp/zyYjvFbHPNgVTKfQvVrb6guiE/fxP+XblDNR011utopbkex2nM4dHNV6GDsng==
    dependencies:
      chownr "^1.1.1"
      mkdirp-classic "^0.5.2"
      pump "^3.0.0"
      tar-stream "^2.1.4"
  
  tar-stream@^2.1.4:
    version "2.2.0"
    resolved "https://registry.npmjs.org/tar-stream/-/tar-stream-2.2.0.tgz"
    integrity sha512-ujeqbceABgwMZxEJnk2HDY2DlnUZ+9oEcb1KzTVfYHio0UE6dG71n60d8D2I4qNvleWrrXpmjpt7vZeF1LnMZQ==
    dependencies:
      bl "^4.0.3"
      end-of-stream "^1.4.1"
      fs-constants "^1.0.0"
      inherits "^2.0.3"
      readable-stream "^3.1.1"
  
  through@^2.3.8:
    version "2.3.8"
    resolved "https://registry.npmjs.org/through/-/through-2.3.8.tgz"
    integrity sha512-w89qg7PI8wAdvX60bMDP+bFoD5Dvhm9oLheFp5O4a2QF0cSBGsBX4qZmadPMvVqlLJBBci+WqGGOAPvcDeNSVg==
  
  tr46@~0.0.3:
    version "0.0.3"
    resolved "https://registry.npmjs.org/tr46/-/tr46-0.0.3.tgz"
    integrity sha512-N3WMsuqV66lT30CrXNbEjx4GEwlow3v6rr4mCcv6prnfwhS01rkgyFdjPNBYd9br7LpXV1+Emh01fHnq2Gdgrw==
  
  unbzip2-stream@1.4.3:
    version "1.4.3"
    resolved "https://registry.npmjs.org/unbzip2-stream/-/unbzip2-stream-1.4.3.tgz"
    integrity sha512-mlExGW4w71ebDJviH16lQLtZS32VKqsSfk80GCfUlwT/4/hNRFsoscrF/c++9xinkMzECL1uL9DDwXqFWkruPg==
    dependencies:
      buffer "^5.2.1"
      through "^2.3.8"
  
  util-deprecate@^1.0.1:
    version "1.0.2"
    resolved "https://registry.npmjs.org/util-deprecate/-/util-deprecate-1.0.2.tgz"
    integrity sha512-EPD5q1uXyFxJpCrLnCc1nHnq3gOa6DZBocAIiI2TaSCA7VCJ1UJDMagCzIkXNsUYfD1daK//LTEQ8xiIbrHtcw==
  
  web-streams-polyfill@^3.0.3:
    version "3.2.1"
    resolved "https://registry.npmjs.org/web-streams-polyfill/-/web-streams-polyfill-3.2.1.tgz"
    integrity sha512-e0MO3wdXWKrLbL0DgGnUV7WHVuw9OUvL4hjgnPkIeEvESk74gAITi5G606JtZPp39cd8HA9VQzCIvA49LpPN5Q==
  
  webidl-conversions@^3.0.0:
    version "3.0.1"
    resolved "https://registry.npmjs.org/webidl-conversions/-/webidl-conversions-3.0.1.tgz"
    integrity sha512-2JAn3z8AR6rjK8Sm8orRC0h/bcl/DqL7tRPdGZ4I1CjdF+EaMLmYxBHyXuKL849eucPFhvBoxMsflfOb8kxaeQ==
  
  whatwg-url@^5.0.0:
    version "5.0.0"
    resolved "https://registry.npmjs.org/whatwg-url/-/whatwg-url-5.0.0.tgz"
    integrity sha512-saE57nupxk6v3HY35+jzBwYa0rKSy0XR8JSxZPwgLr7ys0IBzhGviA1/TUGJLmSVqs8pb9AnvICXEuOHLprYTw==
    dependencies:
      tr46 "~0.0.3"
      webidl-conversions "^3.0.0"
  
  wrappy@1:
    version "1.0.2"
    resolved "https://registry.npmjs.org/wrappy/-/wrappy-1.0.2.tgz"
    integrity sha512-l4Sp/DRseor9wL6EvV2+TuQn63dMkPjZ/sp9XkghTEbV9KlPS1xUsZ3u7/IQO4wxtcFB4bgpQPRcR3QCvezPcQ==
  
  ws@8.9.0:
    version "8.9.0"
    resolved "https://registry.npmjs.org/ws/-/ws-8.9.0.tgz"
    integrity sha512-Ja7nszREasGaYUYCI2k4lCKIRTt+y7XuqVoHR44YpI49TtryyqbqvDMn5eqfW7e6HzTukDRIsXqzVHScqRcafg==
  
  xhr2@^0.2.1:
    version "0.2.1"
    resolved "https://registry.npmjs.org/xhr2/-/xhr2-0.2.1.tgz"
    integrity sha512-sID0rrVCqkVNUn8t6xuv9+6FViXjUVXq8H5rWOH2rz9fDNQEd4g0EA2XlcEdJXRz5BMEn4O1pJFdT+z4YHhoWw==
  
  yauzl@^2.10.0:
    version "2.10.0"
    resolved "https://registry.npmjs.org/yauzl/-/yauzl-2.10.0.tgz"
    integrity sha512-p4a9I6X6nu6IhoGmBqAcbJy1mlC4j27vEPZX9F4L4/vZT3Lyq1VkFHw/V/PUcB9Buo+DG3iHkT0x3Qya58zc3g==
    dependencies:
      buffer-crc32 "~0.2.3"
      fd-slicer "~1.1.0"
